# JRE version: Java(TM) SE Runtime Environment (8.0-b99) (build 1.8.0-ea-b99)
# Java VM: Java HotSpot(TM) 64-Bit Server VM (25.0-b41 mixed mode windows-amd64 compressed oops)
Heap:
 PSYoungGen      total 103424K, used 30531K [0x00000000e0800000, 0x00000000ed500000, 0x0000000100000000)
  eden space 100352K, 27% used [0x00000000e0800000,0x00000000e22d88d8,0x00000000e6a00000)
  from space 3072K, 98% used [0x00000000e6a00000,0x00000000e6cf8408,0x00000000e6d00000)
  to   space 4608K, 0% used [0x00000000ed080000,0x00000000ed080000,0x00000000ed500000)
 ParOldGen       total 64512K, used 2850K [0x00000000a1800000, 0x00000000a5700000, 0x00000000e0800000)
  object space 64512K, 4% used [0x00000000a1800000,0x00000000a1ac8bd8,0x00000000a5700000)
 Metaspace total 19094K, used 18804K, reserved 120832K
  data space     16344K, used 16136K, reserved 18432K
  class space    2750K, used 2667K, reserved 102400K
GC Heap History (10 events):
Event: 1.525 GC heap before
{Heap before GC invocations=3 (full 0):
 PSYoungGen      total 28672K, used 27655K [0x00000000e0800000, 0x00000000e4000000, 0x0000000100000000)
  eden space 25088K, 99% used [0x00000000e0800000,0x00000000e20709c0,0x00000000e2080000)
  from space 3584K, 73% used [0x00000000e2400000,0x00000000e26912c0,0x00000000e2780000)
  to   space 3584K, 0% used [0x00000000e2080000,0x00000000e2080000,0x00000000e2400000)
 ParOldGen       total 64512K, used 8K [0x00000000a1800000, 0x00000000a5700000, 0x00000000e0800000)
  object space 64512K, 0% used [0x00000000a1800000,0x00000000a1802000,0x00000000a5700000)
 Metaspace total 12270K, used 12050K, reserved 114688K
  data space     10524K, used 10369K, reserved 12288K
  class space    1746K, used 1681K, reserved 102400K
Event: 1.528 GC heap after
Heap after GC invocations=3 (full 0):
 PSYoungGen      total 28672K, used 2699K [0x00000000e0800000, 0x00000000e4000000, 0x0000000100000000)
  eden space 25088K, 0% used [0x00000000e0800000,0x00000000e0800000,0x00000000e2080000)
  from space 3584K, 75% used [0x00000000e2080000,0x00000000e2322d88,0x00000000e2400000)
  to   space 3584K, 0% used [0x00000000e3c80000,0x00000000e3c80000,0x00000000e4000000)
 ParOldGen       total 64512K, used 8K [0x00000000a1800000, 0x00000000a5700000, 0x00000000e0800000)
  object space 64512K, 0% used [0x00000000a1800000,0x00000000a1802000,0x00000000a5700000)
 Metaspace total 12270K, used 12050K, reserved 114688K
  data space     10524K, used 10369K, reserved 12288K
  class space    1746K, used 1681K, reserved 102400K
}
Event: 1.535 GC heap before
{Heap before GC invocations=4 (full 0):
 PSYoungGen      total 28672K, used 27705K [0x00000000e0800000, 0x00000000e4000000, 0x0000000100000000)
  eden space 25088K, 99% used [0x00000000e0800000,0x00000000e206b728,0x00000000e2080000)
  from space 3584K, 75% used [0x00000000e2080000,0x00000000e2322d88,0x00000000e2400000)
  to   space 3584K, 0% used [0x00000000e3c80000,0x00000000e3c80000,0x00000000e4000000)
 ParOldGen       total 64512K, used 8K [0x00000000a1800000, 0x00000000a5700000, 0x00000000e0800000)
  object space 64512K, 0% used [0x00000000a1800000,0x00000000a1802000,0x00000000a5700000)
 Metaspace total 12270K, used 12050K, reserved 114688K
  data space     10524K, used 10369K, reserved 12288K
  class space    1746K, used 1681K, reserved 102400K
Event: 1.538 GC heap after
Heap after GC invocations=4 (full 0):
 PSYoungGen      total 53760K, used 2717K [0x00000000e0800000, 0x00000000e4000000, 0x0000000100000000)
  eden space 50176K, 0% used [0x00000000e0800000,0x00000000e0800000,0x00000000e3900000)
  from space 3584K, 75% used [0x00000000e3c80000,0x00000000e3f27588,0x00000000e4000000)
  to   space 3584K, 0% used [0x00000000e3900000,0x00000000e3900000,0x00000000e3c80000)
 ParOldGen       total 64512K, used 8K [0x00000000a1800000, 0x00000000a5700000, 0x00000000e0800000)
  object space 64512K, 0% used [0x00000000a1800000,0x00000000a1802000,0x00000000a5700000)
 Metaspace total 12270K, used 12050K, reserved 114688K
  data space     10524K, used 10369K, reserved 12288K
  class space    1746K, used 1681K, reserved 102400K
}
Event: 1.558 GC heap before
{Heap before GC invocations=5 (full 0):
 PSYoungGen      total 53760K, used 52854K [0x00000000e0800000, 0x00000000e4000000, 0x0000000100000000)
  eden space 50176K, 99% used [0x00000000e0800000,0x00000000e38f6608,0x00000000e3900000)
  from space 3584K, 75% used [0x00000000e3c80000,0x00000000e3f27588,0x00000000e4000000)
  to   space 3584K, 0% used [0x00000000e3900000,0x00000000e3900000,0x00000000e3c80000)
 ParOldGen       total 64512K, used 8K [0x00000000a1800000, 0x00000000a5700000, 0x00000000e0800000)
  object space 64512K, 0% used [0x00000000a1800000,0x00000000a1802000,0x00000000a5700000)
 Metaspace total 12270K, used 12050K, reserved 114688K
  data space     10524K, used 10369K, reserved 12288K
  class space    1746K, used 1681K, reserved 102400K
Event: 1.562 GC heap after
Heap after GC invocations=5 (full 0):
 PSYoungGen      total 53760K, used 2845K [0x00000000e0800000, 0x00000000e7000000, 0x0000000100000000)
  eden space 50176K, 0% used [0x00000000e0800000,0x00000000e0800000,0x00000000e3900000)
  from space 3584K, 79% used [0x00000000e3900000,0x00000000e3bc7400,0x00000000e3c80000)
  to   space 3072K, 0% used [0x00000000e6d00000,0x00000000e6d00000,0x00000000e7000000)
 ParOldGen       total 64512K, used 8K [0x00000000a1800000, 0x00000000a5700000, 0x00000000e0800000)
  object space 64512K, 0% used [0x00000000a1800000,0x00000000a1802000,0x00000000a5700000)
 Metaspace total 12270K, used 12050K, reserved 114688K
  data space     10524K, used 10369K, reserved 12288K
  class space    1746K, used 1681K, reserved 102400K
}
Event: 1.575 GC heap before
{Heap before GC invocations=6 (full 0):
 PSYoungGen      total 53760K, used 52898K [0x00000000e0800000, 0x00000000e7000000, 0x0000000100000000)
  eden space 50176K, 99% used [0x00000000e0800000,0x00000000e38e1548,0x00000000e3900000)
  from space 3584K, 79% used [0x00000000e3900000,0x00000000e3bc7400,0x00000000e3c80000)
  to   space 3072K, 0% used [0x00000000e6d00000,0x00000000e6d00000,0x00000000e7000000)
 ParOldGen       total 64512K, used 8K [0x00000000a1800000, 0x00000000a5700000, 0x00000000e0800000)
  object space 64512K, 0% used [0x00000000a1800000,0x00000000a1802000,0x00000000a5700000)
 Metaspace total 12270K, used 12050K, reserved 114688K
  data space     10524K, used 10369K, reserved 12288K
  class space    1746K, used 1681K, reserved 102400K
Event: 1.579 GC heap after
Heap after GC invocations=6 (full 0):
 PSYoungGen      total 103424K, used 2770K [0x00000000e0800000, 0x00000000e7000000, 0x0000000100000000)
  eden space 100352K, 0% used [0x00000000e0800000,0x00000000e0800000,0x00000000e6a00000)
  from space 3072K, 90% used [0x00000000e6d00000,0x00000000e6fb4950,0x00000000e7000000)
  to   space 3072K, 0% used [0x00000000e6a00000,0x00000000e6a00000,0x00000000e6d00000)
 ParOldGen       total 64512K, used 8K [0x00000000a1800000, 0x00000000a5700000, 0x00000000e0800000)
  object space 64512K, 0% used [0x00000000a1800000,0x00000000a1802000,0x00000000a5700000)
 Metaspace total 12270K, used 12050K, reserved 114688K
  data space     10524K, used 10369K, reserved 12288K
  class space    1746K, used 1681K, reserved 102400K
}
Event: 2.345 GC heap before
{Heap before GC invocations=7 (full 0):
 PSYoungGen      total 103424K, used 103122K [0x00000000e0800000, 0x00000000e7000000, 0x0000000100000000)
  eden space 100352K, 100% used [0x00000000e0800000,0x00000000e6a00000,0x00000000e6a00000)
  from space 3072K, 90% used [0x00000000e6d00000,0x00000000e6fb4950,0x00000000e7000000)
  to   space 3072K, 0% used [0x00000000e6a00000,0x00000000e6a00000,0x00000000e6d00000)
 ParOldGen       total 64512K, used 8K [0x00000000a1800000, 0x00000000a5700000, 0x00000000e0800000)
  object space 64512K, 0% used [0x00000000a1800000,0x00000000a1802000,0x00000000a5700000)
 Metaspace total 16178K, used 15958K, reserved 118784K
  data space     13946K, used 13801K, reserved 16384K
  class space    2232K, used 2156K, reserved 102400K
Event: 2.359 GC heap after
Heap after GC invocations=7 (full 0):
 PSYoungGen      total 103424K, used 3041K [0x00000000e0800000, 0x00000000ed500000, 0x0000000100000000)
  eden space 100352K, 0% used [0x00000000e0800000,0x00000000e0800000,0x00000000e6a00000)
  from space 3072K, 98% used [0x00000000e6a00000,0x00000000e6cf8408,0x00000000e6d00000)
  to   space 4608K, 0% used [0x00000000ed080000,0x00000000ed080000,0x00000000ed500000)
 ParOldGen       total 64512K, used 2850K [0x00000000a1800000, 0x00000000a5700000, 0x00000000e0800000)
  object space 64512K, 4% used [0x00000000a1800000,0x00000000a1ac8bd8,0x00000000a5700000)
 Metaspace total 16178K, used 15958K, reserved 118784K
  data space     13946K, used 13801K, reserved 16384K
  class space    2232K, used 2156K, reserved 102400K
}

