# JRE version: Java(TM) SE Runtime Environment (8.0-b99) (build 1.8.0-ea-b99)
# Java VM: Java HotSpot(TM) 64-Bit Server VM (25.0-b41 mixed mode windows-amd64 compressed oops)
Heap:
 PSYoungGen      total 103424K, used 31479K [0x00000000e0800000, 0x00000000ed500000, 0x0000000100000000)
  eden space 100352K, 28% used [0x00000000e0800000,0x00000000e23c3e08,0x00000000e6a00000)
  from space 3072K, 99% used [0x00000000e6a00000,0x00000000e6cf9ec8,0x00000000e6d00000)
  to   space 4608K, 0% used [0x00000000ed080000,0x00000000ed080000,0x00000000ed500000)
 ParOldGen       total 64512K, used 3138K [0x00000000a1800000, 0x00000000a5700000, 0x00000000e0800000)
  object space 64512K, 4% used [0x00000000a1800000,0x00000000a1b10a70,0x00000000a5700000)
 Metaspace total 19478K, used 19165K, reserved 120832K
  data space     16664K, used 16440K, reserved 18432K
  class space    2814K, used 2725K, reserved 102400K
GC Heap History (10 events):
Event: 5.260 GC heap before
{Heap before GC invocations=3 (full 0):
 PSYoungGen      total 28672K, used 27638K [0x00000000e0800000, 0x00000000e4000000, 0x0000000100000000)
  eden space 25088K, 99% used [0x00000000e0800000,0x00000000e2070640,0x00000000e2080000)
  from space 3584K, 72% used [0x00000000e2400000,0x00000000e268d2b0,0x00000000e2780000)
  to   space 3584K, 0% used [0x00000000e2080000,0x00000000e2080000,0x00000000e2400000)
 ParOldGen       total 64512K, used 8K [0x00000000a1800000, 0x00000000a5700000, 0x00000000e0800000)
  object space 64512K, 0% used [0x00000000a1800000,0x00000000a1802000,0x00000000a5700000)
 Metaspace total 12206K, used 11997K, reserved 114688K
  data space     10460K, used 10323K, reserved 12288K
  class space    1746K, used 1674K, reserved 102400K
Event: 5.263 GC heap after
Heap after GC invocations=3 (full 0):
 PSYoungGen      total 28672K, used 2731K [0x00000000e0800000, 0x00000000e4000000, 0x0000000100000000)
  eden space 25088K, 0% used [0x00000000e0800000,0x00000000e0800000,0x00000000e2080000)
  from space 3584K, 76% used [0x00000000e2080000,0x00000000e232ad88,0x00000000e2400000)
  to   space 3584K, 0% used [0x00000000e3c80000,0x00000000e3c80000,0x00000000e4000000)
 ParOldGen       total 64512K, used 8K [0x00000000a1800000, 0x00000000a5700000, 0x00000000e0800000)
  object space 64512K, 0% used [0x00000000a1800000,0x00000000a1802000,0x00000000a5700000)
 Metaspace total 12206K, used 11997K, reserved 114688K
  data space     10460K, used 10323K, reserved 12288K
  class space    1746K, used 1674K, reserved 102400K
}
Event: 5.270 GC heap before
{Heap before GC invocations=4 (full 0):
 PSYoungGen      total 28672K, used 27736K [0x00000000e0800000, 0x00000000e4000000, 0x0000000100000000)
  eden space 25088K, 99% used [0x00000000e0800000,0x00000000e206b3f8,0x00000000e2080000)
  from space 3584K, 76% used [0x00000000e2080000,0x00000000e232ad88,0x00000000e2400000)
  to   space 3584K, 0% used [0x00000000e3c80000,0x00000000e3c80000,0x00000000e4000000)
 ParOldGen       total 64512K, used 8K [0x00000000a1800000, 0x00000000a5700000, 0x00000000e0800000)
  object space 64512K, 0% used [0x00000000a1800000,0x00000000a1802000,0x00000000a5700000)
 Metaspace total 12206K, used 11997K, reserved 114688K
  data space     10460K, used 10323K, reserved 12288K
  class space    1746K, used 1674K, reserved 102400K
Event: 5.274 GC heap after
Heap after GC invocations=4 (full 0):
 PSYoungGen      total 53760K, used 2685K [0x00000000e0800000, 0x00000000e4000000, 0x0000000100000000)
  eden space 50176K, 0% used [0x00000000e0800000,0x00000000e0800000,0x00000000e3900000)
  from space 3584K, 74% used [0x00000000e3c80000,0x00000000e3f1f588,0x00000000e4000000)
  to   space 3584K, 0% used [0x00000000e3900000,0x00000000e3900000,0x00000000e3c80000)
 ParOldGen       total 64512K, used 8K [0x00000000a1800000, 0x00000000a5700000, 0x00000000e0800000)
  object space 64512K, 0% used [0x00000000a1800000,0x00000000a1802000,0x00000000a5700000)
 Metaspace total 12206K, used 11997K, reserved 114688K
  data space     10460K, used 10323K, reserved 12288K
  class space    1746K, used 1674K, reserved 102400K
}
Event: 5.292 GC heap before
{Heap before GC invocations=5 (full 0):
 PSYoungGen      total 53760K, used 52821K [0x00000000e0800000, 0x00000000e4000000, 0x0000000100000000)
  eden space 50176K, 99% used [0x00000000e0800000,0x00000000e38f6238,0x00000000e3900000)
  from space 3584K, 74% used [0x00000000e3c80000,0x00000000e3f1f588,0x00000000e4000000)
  to   space 3584K, 0% used [0x00000000e3900000,0x00000000e3900000,0x00000000e3c80000)
 ParOldGen       total 64512K, used 8K [0x00000000a1800000, 0x00000000a5700000, 0x00000000e0800000)
  object space 64512K, 0% used [0x00000000a1800000,0x00000000a1802000,0x00000000a5700000)
 Metaspace total 12206K, used 11997K, reserved 114688K
  data space     10460K, used 10323K, reserved 12288K
  class space    1746K, used 1674K, reserved 102400K
Event: 5.296 GC heap after
Heap after GC invocations=5 (full 0):
 PSYoungGen      total 53760K, used 2730K [0x00000000e0800000, 0x00000000e7000000, 0x0000000100000000)
  eden space 50176K, 0% used [0x00000000e0800000,0x00000000e0800000,0x00000000e3900000)
  from space 3584K, 76% used [0x00000000e3900000,0x00000000e3baa9e8,0x00000000e3c80000)
  to   space 3072K, 0% used [0x00000000e6d00000,0x00000000e6d00000,0x00000000e7000000)
 ParOldGen       total 64512K, used 8K [0x00000000a1800000, 0x00000000a5700000, 0x00000000e0800000)
  object space 64512K, 0% used [0x00000000a1800000,0x00000000a1802000,0x00000000a5700000)
 Metaspace total 12206K, used 11997K, reserved 114688K
  data space     10460K, used 10323K, reserved 12288K
  class space    1746K, used 1674K, reserved 102400K
}
Event: 5.311 GC heap before
{Heap before GC invocations=6 (full 0):
 PSYoungGen      total 53760K, used 52782K [0x00000000e0800000, 0x00000000e7000000, 0x0000000100000000)
  eden space 50176K, 99% used [0x00000000e0800000,0x00000000e38e11c8,0x00000000e3900000)
  from space 3584K, 76% used [0x00000000e3900000,0x00000000e3baa9e8,0x00000000e3c80000)
  to   space 3072K, 0% used [0x00000000e6d00000,0x00000000e6d00000,0x00000000e7000000)
 ParOldGen       total 64512K, used 8K [0x00000000a1800000, 0x00000000a5700000, 0x00000000e0800000)
  object space 64512K, 0% used [0x00000000a1800000,0x00000000a1802000,0x00000000a5700000)
 Metaspace total 12206K, used 11997K, reserved 114688K
  data space     10460K, used 10323K, reserved 12288K
  class space    1746K, used 1674K, reserved 102400K
Event: 5.317 GC heap after
Heap after GC invocations=6 (full 0):
 PSYoungGen      total 103424K, used 2722K [0x00000000e0800000, 0x00000000e7000000, 0x0000000100000000)
  eden space 100352K, 0% used [0x00000000e0800000,0x00000000e0800000,0x00000000e6a00000)
  from space 3072K, 88% used [0x00000000e6d00000,0x00000000e6fa8940,0x00000000e7000000)
  to   space 3072K, 0% used [0x00000000e6a00000,0x00000000e6a00000,0x00000000e6d00000)
 ParOldGen       total 64512K, used 8K [0x00000000a1800000, 0x00000000a5700000, 0x00000000e0800000)
  object space 64512K, 0% used [0x00000000a1800000,0x00000000a1802000,0x00000000a5700000)
 Metaspace total 12206K, used 11997K, reserved 114688K
  data space     10460K, used 10323K, reserved 12288K
  class space    1746K, used 1674K, reserved 102400K
}
Event: 7.619 GC heap before
{Heap before GC invocations=7 (full 0):
 PSYoungGen      total 103424K, used 103074K [0x00000000e0800000, 0x00000000e7000000, 0x0000000100000000)
  eden space 100352K, 100% used [0x00000000e0800000,0x00000000e6a00000,0x00000000e6a00000)
  from space 3072K, 88% used [0x00000000e6d00000,0x00000000e6fa8940,0x00000000e7000000)
  to   space 3072K, 0% used [0x00000000e6a00000,0x00000000e6a00000,0x00000000e6d00000)
 ParOldGen       total 64512K, used 8K [0x00000000a1800000, 0x00000000a5700000, 0x00000000e0800000)
  object space 64512K, 0% used [0x00000000a1800000,0x00000000a1802000,0x00000000a5700000)
 Metaspace total 16146K, used 15934K, reserved 118784K
  data space     13946K, used 13788K, reserved 16384K
  class space    2200K, used 2146K, reserved 102400K
Event: 7.632 GC heap after
Heap after GC invocations=7 (full 0):
 PSYoungGen      total 103424K, used 3047K [0x00000000e0800000, 0x00000000ed500000, 0x0000000100000000)
  eden space 100352K, 0% used [0x00000000e0800000,0x00000000e0800000,0x00000000e6a00000)
  from space 3072K, 99% used [0x00000000e6a00000,0x00000000e6cf9ec8,0x00000000e6d00000)
  to   space 4608K, 0% used [0x00000000ed080000,0x00000000ed080000,0x00000000ed500000)
 ParOldGen       total 64512K, used 3138K [0x00000000a1800000, 0x00000000a5700000, 0x00000000e0800000)
  object space 64512K, 4% used [0x00000000a1800000,0x00000000a1b10a70,0x00000000a5700000)
 Metaspace total 16146K, used 15934K, reserved 118784K
  data space     13946K, used 13788K, reserved 16384K
  class space    2200K, used 2146K, reserved 102400K
}

