# JRE version: Java(TM) SE Runtime Environment (8.0-b99) (build 1.8.0-ea-b99)
# Java VM: Java HotSpot(TM) 64-Bit Server VM (25.0-b41 mixed mode windows-amd64 compressed oops)
Heap:
 PSYoungGen      total 103424K, used 37416K [0x00000000e0800000, 0x00000000ed200000, 0x0000000100000000)
  eden space 100352K, 34% used [0x00000000e0800000,0x00000000e29ade78,0x00000000e6a00000)
  from space 3072K, 95% used [0x00000000e6a00000,0x00000000e6cdc200,0x00000000e6d00000)
  to   space 3072K, 0% used [0x00000000ecf00000,0x00000000ecf00000,0x00000000ed200000)
 ParOldGen       total 64512K, used 2542K [0x00000000a1800000, 0x00000000a5700000, 0x00000000e0800000)
  object space 64512K, 3% used [0x00000000a1800000,0x00000000a1a7b9d8,0x00000000a5700000)
 Metaspace total 19164K, used 18857K, reserved 120832K
  data space     16413K, used 16181K, reserved 18432K
  class space    2751K, used 2676K, reserved 102400K
GC Heap History (10 events):
Event: 10.942 GC heap before
{Heap before GC invocations=3 (full 0):
 PSYoungGen      total 28672K, used 27775K [0x00000000e0800000, 0x00000000e4000000, 0x0000000100000000)
  eden space 25088K, 99% used [0x00000000e0800000,0x00000000e207af98,0x00000000e2080000)
  from space 3584K, 75% used [0x00000000e2400000,0x00000000e26a4da0,0x00000000e2780000)
  to   space 3584K, 0% used [0x00000000e2080000,0x00000000e2080000,0x00000000e2400000)
 ParOldGen       total 64512K, used 16K [0x00000000a1800000, 0x00000000a5700000, 0x00000000e0800000)
  object space 64512K, 0% used [0x00000000a1800000,0x00000000a1804000,0x00000000a5700000)
 Metaspace total 12334K, used 12140K, reserved 114688K
  data space     10588K, used 10445K, reserved 12288K
  class space    1746K, used 1694K, reserved 102400K
Event: 10.945 GC heap after
Heap after GC invocations=3 (full 0):
 PSYoungGen      total 28672K, used 2746K [0x00000000e0800000, 0x00000000e4000000, 0x0000000100000000)
  eden space 25088K, 0% used [0x00000000e0800000,0x00000000e0800000,0x00000000e2080000)
  from space 3584K, 76% used [0x00000000e2080000,0x00000000e232eac8,0x00000000e2400000)
  to   space 3584K, 0% used [0x00000000e3c80000,0x00000000e3c80000,0x00000000e4000000)
 ParOldGen       total 64512K, used 16K [0x00000000a1800000, 0x00000000a5700000, 0x00000000e0800000)
  object space 64512K, 0% used [0x00000000a1800000,0x00000000a1804000,0x00000000a5700000)
 Metaspace total 12334K, used 12140K, reserved 114688K
  data space     10588K, used 10445K, reserved 12288K
  class space    1746K, used 1694K, reserved 102400K
}
Event: 10.951 GC heap before
{Heap before GC invocations=4 (full 0):
 PSYoungGen      total 28672K, used 27761K [0x00000000e0800000, 0x00000000e4000000, 0x0000000100000000)
  eden space 25088K, 99% used [0x00000000e0800000,0x00000000e206db70,0x00000000e2080000)
  from space 3584K, 76% used [0x00000000e2080000,0x00000000e232eac8,0x00000000e2400000)
  to   space 3584K, 0% used [0x00000000e3c80000,0x00000000e3c80000,0x00000000e4000000)
 ParOldGen       total 64512K, used 16K [0x00000000a1800000, 0x00000000a5700000, 0x00000000e0800000)
  object space 64512K, 0% used [0x00000000a1800000,0x00000000a1804000,0x00000000a5700000)
 Metaspace total 12334K, used 12140K, reserved 114688K
  data space     10588K, used 10445K, reserved 12288K
  class space    1746K, used 1694K, reserved 102400K
Event: 10.955 GC heap after
Heap after GC invocations=4 (full 0):
 PSYoungGen      total 53760K, used 2780K [0x00000000e0800000, 0x00000000e4000000, 0x0000000100000000)
  eden space 50176K, 0% used [0x00000000e0800000,0x00000000e0800000,0x00000000e3900000)
  from space 3584K, 77% used [0x00000000e3c80000,0x00000000e3f37300,0x00000000e4000000)
  to   space 3584K, 0% used [0x00000000e3900000,0x00000000e3900000,0x00000000e3c80000)
 ParOldGen       total 64512K, used 16K [0x00000000a1800000, 0x00000000a5700000, 0x00000000e0800000)
  object space 64512K, 0% used [0x00000000a1800000,0x00000000a1804000,0x00000000a5700000)
 Metaspace total 12334K, used 12140K, reserved 114688K
  data space     10588K, used 10445K, reserved 12288K
  class space    1746K, used 1694K, reserved 102400K
}
Event: 10.974 GC heap before
{Heap before GC invocations=5 (full 0):
 PSYoungGen      total 53760K, used 52900K [0x00000000e0800000, 0x00000000e4000000, 0x0000000100000000)
  eden space 50176K, 99% used [0x00000000e0800000,0x00000000e38f1fa0,0x00000000e3900000)
  from space 3584K, 77% used [0x00000000e3c80000,0x00000000e3f37300,0x00000000e4000000)
  to   space 3584K, 0% used [0x00000000e3900000,0x00000000e3900000,0x00000000e3c80000)
 ParOldGen       total 64512K, used 16K [0x00000000a1800000, 0x00000000a5700000, 0x00000000e0800000)
  object space 64512K, 0% used [0x00000000a1800000,0x00000000a1804000,0x00000000a5700000)
 Metaspace total 12334K, used 12140K, reserved 114688K
  data space     10588K, used 10445K, reserved 12288K
  class space    1746K, used 1694K, reserved 102400K
Event: 10.977 GC heap after
Heap after GC invocations=5 (full 0):
 PSYoungGen      total 53760K, used 2777K [0x00000000e0800000, 0x00000000e7000000, 0x0000000100000000)
  eden space 50176K, 0% used [0x00000000e0800000,0x00000000e0800000,0x00000000e3900000)
  from space 3584K, 77% used [0x00000000e3900000,0x00000000e3bb67b8,0x00000000e3c80000)
  to   space 3072K, 0% used [0x00000000e6d00000,0x00000000e6d00000,0x00000000e7000000)
 ParOldGen       total 64512K, used 16K [0x00000000a1800000, 0x00000000a5700000, 0x00000000e0800000)
  object space 64512K, 0% used [0x00000000a1800000,0x00000000a1804000,0x00000000a5700000)
 Metaspace total 12334K, used 12140K, reserved 114688K
  data space     10588K, used 10445K, reserved 12288K
  class space    1746K, used 1694K, reserved 102400K
}
Event: 10.990 GC heap before
{Heap before GC invocations=6 (full 0):
 PSYoungGen      total 53760K, used 52870K [0x00000000e0800000, 0x00000000e7000000, 0x0000000100000000)
  eden space 50176K, 99% used [0x00000000e0800000,0x00000000e38eb220,0x00000000e3900000)
  from space 3584K, 77% used [0x00000000e3900000,0x00000000e3bb67b8,0x00000000e3c80000)
  to   space 3072K, 0% used [0x00000000e6d00000,0x00000000e6d00000,0x00000000e7000000)
 ParOldGen       total 64512K, used 16K [0x00000000a1800000, 0x00000000a5700000, 0x00000000e0800000)
  object space 64512K, 0% used [0x00000000a1800000,0x00000000a1804000,0x00000000a5700000)
 Metaspace total 12334K, used 12140K, reserved 114688K
  data space     10588K, used 10445K, reserved 12288K
  class space    1746K, used 1694K, reserved 102400K
Event: 10.994 GC heap after
Heap after GC invocations=6 (full 0):
 PSYoungGen      total 103424K, used 2785K [0x00000000e0800000, 0x00000000e7000000, 0x0000000100000000)
  eden space 100352K, 0% used [0x00000000e0800000,0x00000000e0800000,0x00000000e6a00000)
  from space 3072K, 90% used [0x00000000e6d00000,0x00000000e6fb8768,0x00000000e7000000)
  to   space 3072K, 0% used [0x00000000e6a00000,0x00000000e6a00000,0x00000000e6d00000)
 ParOldGen       total 64512K, used 16K [0x00000000a1800000, 0x00000000a5700000, 0x00000000e0800000)
  object space 64512K, 0% used [0x00000000a1800000,0x00000000a1804000,0x00000000a5700000)
 Metaspace total 12334K, used 12140K, reserved 114688K
  data space     10588K, used 10445K, reserved 12288K
  class space    1746K, used 1694K, reserved 102400K
}
Event: 11.791 GC heap before
{Heap before GC invocations=7 (full 0):
 PSYoungGen      total 103424K, used 103137K [0x00000000e0800000, 0x00000000e7000000, 0x0000000100000000)
  eden space 100352K, 100% used [0x00000000e0800000,0x00000000e6a00000,0x00000000e6a00000)
  from space 3072K, 90% used [0x00000000e6d00000,0x00000000e6fb8768,0x00000000e7000000)
  to   space 3072K, 0% used [0x00000000e6a00000,0x00000000e6a00000,0x00000000e6d00000)
 ParOldGen       total 64512K, used 16K [0x00000000a1800000, 0x00000000a5700000, 0x00000000e0800000)
  object space 64512K, 0% used [0x00000000a1800000,0x00000000a1804000,0x00000000a5700000)
 Metaspace total 16146K, used 15957K, reserved 118784K
  data space     13946K, used 13803K, reserved 16384K
  class space    2200K, used 2153K, reserved 102400K
Event: 11.801 GC heap after
Heap after GC invocations=7 (full 0):
 PSYoungGen      total 103424K, used 2928K [0x00000000e0800000, 0x00000000ed200000, 0x0000000100000000)
  eden space 100352K, 0% used [0x00000000e0800000,0x00000000e0800000,0x00000000e6a00000)
  from space 3072K, 95% used [0x00000000e6a00000,0x00000000e6cdc200,0x00000000e6d00000)
  to   space 3072K, 0% used [0x00000000ecf00000,0x00000000ecf00000,0x00000000ed200000)
 ParOldGen       total 64512K, used 2542K [0x00000000a1800000, 0x00000000a5700000, 0x00000000e0800000)
  object space 64512K, 3% used [0x00000000a1800000,0x00000000a1a7b9d8,0x00000000a5700000)
 Metaspace total 16146K, used 15957K, reserved 118784K
  data space     13946K, used 13803K, reserved 16384K
  class space    2200K, used 2153K, reserved 102400K
}

