# JRE version: Java(TM) SE Runtime Environment (8.0-b99) (build 1.8.0-ea-b99)
# Java VM: Java HotSpot(TM) 64-Bit Server VM (25.0-b41 mixed mode windows-amd64 compressed oops)
Heap:
 PSYoungGen      total 103424K, used 24540K [0x00000000e0800000, 0x00000000ed500000, 0x0000000100000000)
  eden space 100352K, 21% used [0x00000000e0800000,0x00000000e1cfd0d8,0x00000000e6a00000)
  from space 3072K, 99% used [0x00000000e6a00000,0x00000000e6cfa2c0,0x00000000e6d00000)
  to   space 4608K, 0% used [0x00000000ed080000,0x00000000ed080000,0x00000000ed500000)
 ParOldGen       total 64512K, used 3060K [0x00000000a1800000, 0x00000000a5700000, 0x00000000e0800000)
  object space 64512K, 4% used [0x00000000a1800000,0x00000000a1afd168,0x00000000a5700000)
 Metaspace total 19094K, used 18842K, reserved 120832K
  data space     16344K, used 16169K, reserved 18432K
  class space    2750K, used 2673K, reserved 102400K
GC Heap History (10 events):
Event: 1.568 GC heap before
{Heap before GC invocations=3 (full 0):
 PSYoungGen      total 28672K, used 27699K [0x00000000e0800000, 0x00000000e4000000, 0x0000000100000000)
  eden space 25088K, 99% used [0x00000000e0800000,0x00000000e206bcd0,0x00000000e2080000)
  from space 3584K, 75% used [0x00000000e2400000,0x00000000e26a1278,0x00000000e2780000)
  to   space 3584K, 0% used [0x00000000e2080000,0x00000000e2080000,0x00000000e2400000)
 ParOldGen       total 64512K, used 8K [0x00000000a1800000, 0x00000000a5700000, 0x00000000e0800000)
  object space 64512K, 0% used [0x00000000a1800000,0x00000000a1802000,0x00000000a5700000)
 Metaspace total 12270K, used 12103K, reserved 114688K
  data space     10524K, used 10413K, reserved 12288K
  class space    1746K, used 1690K, reserved 102400K
Event: 1.571 GC heap after
Heap after GC invocations=3 (full 0):
 PSYoungGen      total 28672K, used 2747K [0x00000000e0800000, 0x00000000e4000000, 0x0000000100000000)
  eden space 25088K, 0% used [0x00000000e0800000,0x00000000e0800000,0x00000000e2080000)
  from space 3584K, 76% used [0x00000000e2080000,0x00000000e232ed50,0x00000000e2400000)
  to   space 3584K, 0% used [0x00000000e3c80000,0x00000000e3c80000,0x00000000e4000000)
 ParOldGen       total 64512K, used 8K [0x00000000a1800000, 0x00000000a5700000, 0x00000000e0800000)
  object space 64512K, 0% used [0x00000000a1800000,0x00000000a1802000,0x00000000a5700000)
 Metaspace total 12270K, used 12103K, reserved 114688K
  data space     10524K, used 10413K, reserved 12288K
  class space    1746K, used 1690K, reserved 102400K
}
Event: 1.578 GC heap before
{Heap before GC invocations=4 (full 0):
 PSYoungGen      total 28672K, used 27788K [0x00000000e0800000, 0x00000000e4000000, 0x0000000100000000)
  eden space 25088K, 99% used [0x00000000e0800000,0x00000000e2074368,0x00000000e2080000)
  from space 3584K, 76% used [0x00000000e2080000,0x00000000e232ed50,0x00000000e2400000)
  to   space 3584K, 0% used [0x00000000e3c80000,0x00000000e3c80000,0x00000000e4000000)
 ParOldGen       total 64512K, used 8K [0x00000000a1800000, 0x00000000a5700000, 0x00000000e0800000)
  object space 64512K, 0% used [0x00000000a1800000,0x00000000a1802000,0x00000000a5700000)
 Metaspace total 12270K, used 12103K, reserved 114688K
  data space     10524K, used 10413K, reserved 12288K
  class space    1746K, used 1690K, reserved 102400K
Event: 1.582 GC heap after
Heap after GC invocations=4 (full 0):
 PSYoungGen      total 53760K, used 2733K [0x00000000e0800000, 0x00000000e4000000, 0x0000000100000000)
  eden space 50176K, 0% used [0x00000000e0800000,0x00000000e0800000,0x00000000e3900000)
  from space 3584K, 76% used [0x00000000e3c80000,0x00000000e3f2b5e0,0x00000000e4000000)
  to   space 3584K, 0% used [0x00000000e3900000,0x00000000e3900000,0x00000000e3c80000)
 ParOldGen       total 64512K, used 8K [0x00000000a1800000, 0x00000000a5700000, 0x00000000e0800000)
  object space 64512K, 0% used [0x00000000a1800000,0x00000000a1802000,0x00000000a5700000)
 Metaspace total 12270K, used 12103K, reserved 114688K
  data space     10524K, used 10413K, reserved 12288K
  class space    1746K, used 1690K, reserved 102400K
}
Event: 1.600 GC heap before
{Heap before GC invocations=5 (full 0):
 PSYoungGen      total 53760K, used 52877K [0x00000000e0800000, 0x00000000e4000000, 0x0000000100000000)
  eden space 50176K, 99% used [0x00000000e0800000,0x00000000e38f7f78,0x00000000e3900000)
  from space 3584K, 76% used [0x00000000e3c80000,0x00000000e3f2b5e0,0x00000000e4000000)
  to   space 3584K, 0% used [0x00000000e3900000,0x00000000e3900000,0x00000000e3c80000)
 ParOldGen       total 64512K, used 8K [0x00000000a1800000, 0x00000000a5700000, 0x00000000e0800000)
  object space 64512K, 0% used [0x00000000a1800000,0x00000000a1802000,0x00000000a5700000)
 Metaspace total 12270K, used 12103K, reserved 114688K
  data space     10524K, used 10413K, reserved 12288K
  class space    1746K, used 1690K, reserved 102400K
Event: 1.604 GC heap after
Heap after GC invocations=5 (full 0):
 PSYoungGen      total 53760K, used 2794K [0x00000000e0800000, 0x00000000e7000000, 0x0000000100000000)
  eden space 50176K, 0% used [0x00000000e0800000,0x00000000e0800000,0x00000000e3900000)
  from space 3584K, 77% used [0x00000000e3900000,0x00000000e3bbaa08,0x00000000e3c80000)
  to   space 3072K, 0% used [0x00000000e6d00000,0x00000000e6d00000,0x00000000e7000000)
 ParOldGen       total 64512K, used 8K [0x00000000a1800000, 0x00000000a5700000, 0x00000000e0800000)
  object space 64512K, 0% used [0x00000000a1800000,0x00000000a1802000,0x00000000a5700000)
 Metaspace total 12270K, used 12103K, reserved 114688K
  data space     10524K, used 10413K, reserved 12288K
  class space    1746K, used 1690K, reserved 102400K
}
Event: 1.617 GC heap before
{Heap before GC invocations=6 (full 0):
 PSYoungGen      total 53760K, used 52921K [0x00000000e0800000, 0x00000000e7000000, 0x0000000100000000)
  eden space 50176K, 99% used [0x00000000e0800000,0x00000000e38f3b50,0x00000000e3900000)
  from space 3584K, 77% used [0x00000000e3900000,0x00000000e3bbaa08,0x00000000e3c80000)
  to   space 3072K, 0% used [0x00000000e6d00000,0x00000000e6d00000,0x00000000e7000000)
 ParOldGen       total 64512K, used 8K [0x00000000a1800000, 0x00000000a5700000, 0x00000000e0800000)
  object space 64512K, 0% used [0x00000000a1800000,0x00000000a1802000,0x00000000a5700000)
 Metaspace total 12270K, used 12103K, reserved 114688K
  data space     10524K, used 10413K, reserved 12288K
  class space    1746K, used 1690K, reserved 102400K
Event: 1.620 GC heap after
Heap after GC invocations=6 (full 0):
 PSYoungGen      total 103424K, used 2786K [0x00000000e0800000, 0x00000000e7000000, 0x0000000100000000)
  eden space 100352K, 0% used [0x00000000e0800000,0x00000000e0800000,0x00000000e6a00000)
  from space 3072K, 90% used [0x00000000e6d00000,0x00000000e6fb8960,0x00000000e7000000)
  to   space 3072K, 0% used [0x00000000e6a00000,0x00000000e6a00000,0x00000000e6d00000)
 ParOldGen       total 64512K, used 8K [0x00000000a1800000, 0x00000000a5700000, 0x00000000e0800000)
  object space 64512K, 0% used [0x00000000a1800000,0x00000000a1802000,0x00000000a5700000)
 Metaspace total 12270K, used 12103K, reserved 114688K
  data space     10524K, used 10413K, reserved 12288K
  class space    1746K, used 1690K, reserved 102400K
}
Event: 2.314 GC heap before
{Heap before GC invocations=7 (full 0):
 PSYoungGen      total 103424K, used 103138K [0x00000000e0800000, 0x00000000e7000000, 0x0000000100000000)
  eden space 100352K, 100% used [0x00000000e0800000,0x00000000e6a00000,0x00000000e6a00000)
  from space 3072K, 90% used [0x00000000e6d00000,0x00000000e6fb8960,0x00000000e7000000)
  to   space 3072K, 0% used [0x00000000e6a00000,0x00000000e6a00000,0x00000000e6d00000)
 ParOldGen       total 64512K, used 8K [0x00000000a1800000, 0x00000000a5700000, 0x00000000e0800000)
  object space 64512K, 0% used [0x00000000a1800000,0x00000000a1802000,0x00000000a5700000)
 Metaspace total 15922K, used 15681K, reserved 118784K
  data space     13754K, used 13574K, reserved 16384K
  class space    2168K, used 2106K, reserved 102400K
Event: 2.323 GC heap after
Heap after GC invocations=7 (full 0):
 PSYoungGen      total 103424K, used 3048K [0x00000000e0800000, 0x00000000ed500000, 0x0000000100000000)
  eden space 100352K, 0% used [0x00000000e0800000,0x00000000e0800000,0x00000000e6a00000)
  from space 3072K, 99% used [0x00000000e6a00000,0x00000000e6cfa2c0,0x00000000e6d00000)
  to   space 4608K, 0% used [0x00000000ed080000,0x00000000ed080000,0x00000000ed500000)
 ParOldGen       total 64512K, used 3060K [0x00000000a1800000, 0x00000000a5700000, 0x00000000e0800000)
  object space 64512K, 4% used [0x00000000a1800000,0x00000000a1afd168,0x00000000a5700000)
 Metaspace total 15922K, used 15681K, reserved 118784K
  data space     13754K, used 13574K, reserved 16384K
  class space    2168K, used 2106K, reserved 102400K
}

